<?xml version="1.0" encoding="UTF-8"?>
<dataset>
  <role id="1" name="ROLE_USER" />
  <role id="2" name="ROLE_ADMIN" />
</dataset>